INFO 5/7/2020, 2:08:48 PM  luanchFromDiffVersion, pre version is undefined
INFO 5/7/2020, 2:08:48 PM  overwriteThemeFolder
INFO 5/7/2020, 2:08:48 PM  ------------------start------------------
INFO 5/7/2020, 2:08:48 PM  typora version: 0.9.86
DEBUG 5/7/2020, 2:08:48 PM  [ '/usr/share/typora/Typora' ]
INFO 5/7/2020, 2:08:48 PM  [Raven] instanceKey = acb73bcc-c638-44d9-aa88-5bc88499da06
DEBUG 5/7/2020, 2:08:48 PM  app.openFile
INFO 5/7/2020, 2:08:48 PM  [Raven] userId = ec3c273a-c0ab-4a6c-9519-ab7cdb8f4245
INFO 5/7/2020, 2:08:53 PM  [focus] 1
INFO 5/7/2020, 2:09:00 PM  [blur] 1
INFO 5/7/2020, 2:09:46 PM  [focus] 1
INFO 5/7/2020, 2:09:53 PM  [blur] 1
INFO 5/7/2020, 2:09:56 PM  [focus] 1
INFO 5/7/2020, 2:10:28 PM  [blur] 1
INFO 5/7/2020, 2:10:28 PM  [focus] 1
INFO 5/7/2020, 2:10:49 PM  [blur] 1
INFO 5/7/2020, 2:11:25 PM  [focus] 1
INFO 5/7/2020, 2:11:26 PM  [blur] 1
INFO 5/7/2020, 2:11:27 PM  [focus] 1
INFO 5/7/2020, 2:11:27 PM  [blur] 1
INFO 5/7/2020, 2:11:27 PM  [focus] 1
INFO 5/7/2020, 2:11:27 PM  [blur] 1
INFO 5/7/2020, 2:11:27 PM  [focus] 1
INFO 5/7/2020, 2:13:52 PM  [blur] 1
INFO 5/7/2020, 2:14:54 PM  [focus] 1
INFO 5/7/2020, 2:15:28 PM  [blur] 1
INFO 5/7/2020, 2:16:08 PM  [focus] 1
INFO 5/7/2020, 2:16:15 PM  [blur] 1
INFO 5/7/2020, 2:16:18 PM  [focus] 1
INFO 5/7/2020, 2:16:20 PM  [blur] 1
INFO 5/7/2020, 2:16:21 PM  [focus] 1
INFO 5/7/2020, 2:16:22 PM  [blur] 1
INFO 5/7/2020, 2:19:27 PM  [focus] 1
INFO 5/7/2020, 2:26:50 PM  [blur] 1
INFO 5/7/2020, 2:27:30 PM  [focus] 1
INFO 5/7/2020, 2:28:12 PM  [blur] 1
INFO 5/7/2020, 2:28:34 PM  [focus] 1
INFO 5/7/2020, 2:28:35 PM  [blur] 1
INFO 5/7/2020, 2:28:45 PM  [focus] 1
INFO 5/7/2020, 2:29:19 PM  [blur] 1
INFO 5/7/2020, 2:30:22 PM  [focus] 1
INFO 5/7/2020, 2:30:33 PM  window.File && (function(){		File.setTheme();	})();
INFO 5/7/2020, 2:30:40 PM  window.File && (function(){		File.setTheme();	})();
INFO 5/7/2020, 2:30:51 PM  window.File && (function(){		File.setTheme();	})();
INFO 5/7/2020, 2:30:58 PM  window.File && (function(){		File.setTheme();	})();
INFO 5/7/2020, 2:31:01 PM  [blur] 1
INFO 5/7/2020, 2:31:06 PM  [focus] 1
INFO 5/7/2020, 2:31:22 PM  [blur] 1
INFO 5/7/2020, 2:38:08 PM  [focus] 1
INFO 5/7/2020, 2:38:08 PM  [blur] 1
INFO 5/7/2020, 2:38:11 PM  [focus] 1
INFO 5/7/2020, 2:38:12 PM  [blur] 1
INFO 5/7/2020, 3:25:10 PM  [focus] 1
INFO 5/7/2020, 3:25:11 PM  [blur] 1
INFO 5/7/2020, 3:34:11 PM  [focus] 1
INFO 5/7/2020, 3:34:24 PM  [blur] 1
INFO 5/7/2020, 3:36:51 PM  [focus] 1
INFO 5/7/2020, 3:37:23 PM  [blur] 1
INFO 5/7/2020, 3:38:10 PM  [focus] 1
INFO 5/7/2020, 3:38:59 PM  [blur] 1
INFO 5/7/2020, 3:47:12 PM  [focus] 1
INFO 5/7/2020, 3:47:38 PM  [blur] 1
INFO 5/7/2020, 3:48:52 PM  [focus] 1
INFO 5/7/2020, 3:48:53 PM  [blur] 1
INFO 5/7/2020, 3:48:56 PM  [focus] 1
INFO 5/7/2020, 3:48:56 PM  [blur] 1
INFO 5/7/2020, 3:50:50 PM  [focus] 1
INFO 5/7/2020, 3:50:50 PM  [blur] 1
INFO 5/7/2020, 3:56:43 PM  [focus] 1
INFO 5/7/2020, 3:56:45 PM  [blur] 1
INFO 5/7/2020, 3:57:12 PM  [focus] 1
INFO 5/7/2020, 3:57:20 PM  [blur] 1
INFO 5/7/2020, 3:57:33 PM  [focus] 1
INFO 5/7/2020, 3:57:33 PM  [blur] 1
INFO 5/7/2020, 3:57:34 PM  [focus] 1
INFO 5/7/2020, 3:57:34 PM  [blur] 1
INFO 5/7/2020, 3:57:34 PM  [focus] 1
INFO 5/7/2020, 3:57:34 PM  [blur] 1
INFO 5/7/2020, 3:57:34 PM  [focus] 1
INFO 5/7/2020, 3:57:34 PM  addRecentDocument
INFO 5/7/2020, 3:59:38 PM  [blur] 1
INFO 5/7/2020, 4:02:19 PM  [focus] 1
INFO 5/7/2020, 4:03:12 PM  [blur] 1
INFO 5/7/2020, 4:03:12 PM  [focus] 1
INFO 5/7/2020, 4:03:13 PM  [blur] 1
INFO 5/7/2020, 4:03:29 PM  [focus] 1
INFO 5/7/2020, 4:03:30 PM  [blur] 1
INFO 5/7/2020, 4:04:37 PM  [focus] 1
INFO 5/7/2020, 4:04:38 PM  [blur] 1
INFO 5/7/2020, 4:04:51 PM  [focus] 1
INFO 5/7/2020, 4:04:54 PM  [blur] 1
INFO 5/7/2020, 4:04:55 PM  [focus] 1
INFO 5/7/2020, 4:04:56 PM  [blur] 1
INFO 5/7/2020, 4:05:07 PM  [focus] 1
INFO 5/7/2020, 4:05:09 PM  [blur] 1
INFO 5/7/2020, 4:05:19 PM  [focus] 1
INFO 5/7/2020, 4:05:21 PM  [blur] 1
INFO 5/7/2020, 4:06:46 PM  [focus] 1
INFO 5/7/2020, 4:06:51 PM  [blur] 1
INFO 5/7/2020, 4:07:09 PM  [focus] 1
INFO 5/7/2020, 4:07:10 PM  [blur] 1
INFO 5/7/2020, 4:07:16 PM  [focus] 1
INFO 5/7/2020, 4:07:18 PM  [blur] 1
INFO 5/7/2020, 4:07:19 PM  [focus] 1
INFO 5/7/2020, 4:07:20 PM  [blur] 1
INFO 5/7/2020, 4:07:27 PM  [focus] 1
INFO 5/7/2020, 4:07:28 PM  [blur] 1
INFO 5/7/2020, 4:07:29 PM  [focus] 1
INFO 5/7/2020, 4:07:30 PM  [blur] 1
INFO 5/7/2020, 4:07:31 PM  [focus] 1
INFO 5/7/2020, 4:07:38 PM  [blur] 1
INFO 5/7/2020, 4:08:36 PM  [focus] 1
INFO 5/7/2020, 4:08:37 PM  [blur] 1
INFO 5/7/2020, 4:09:18 PM  [focus] 1
INFO 5/7/2020, 4:09:19 PM  [blur] 1
INFO 5/7/2020, 4:10:07 PM  [focus] 1
INFO 5/7/2020, 4:10:08 PM  [blur] 1
INFO 5/7/2020, 4:15:25 PM  [focus] 1
INFO 5/7/2020, 4:15:27 PM  [blur] 1
INFO 5/7/2020, 4:15:30 PM  [focus] 1
INFO 5/7/2020, 4:15:30 PM  [blur] 1
INFO 5/7/2020, 4:15:31 PM  [focus] 1
INFO 5/7/2020, 4:15:33 PM  [blur] 1
INFO 5/7/2020, 4:15:34 PM  [focus] 1
INFO 5/7/2020, 4:15:34 PM  [blur] 1
INFO 5/7/2020, 4:15:35 PM  [focus] 1
INFO 5/7/2020, 4:15:35 PM  [blur] 1
INFO 5/7/2020, 4:15:37 PM  [focus] 1
INFO 5/7/2020, 4:15:43 PM  [blur] 1
INFO 5/7/2020, 4:15:43 PM  [focus] 1
INFO 5/7/2020, 4:15:43 PM  [blur] 1
INFO 5/7/2020, 4:15:43 PM  [focus] 1
INFO 5/7/2020, 4:15:43 PM  [blur] 1
INFO 5/7/2020, 4:15:43 PM  [focus] 1
INFO 5/7/2020, 4:15:52 PM  [blur] 1
INFO 5/7/2020, 4:15:58 PM  [focus] 1
INFO 5/7/2020, 4:16:03 PM  [blur] 1
