Looking for git in: git
Using git 2.25.2 from git
> git rev-parse --show-toplevel
> git rev-parse --git-dir
Open repository: /home/cvam/Documents/scrapyExample
> git status -z -u
> git symbolic-ref --short HEAD
> git rev-parse master
> git rev-parse --symbolic-full-name master@{u}
> git rev-list --left-right master...refs/remotes/origin/master
> git for-each-ref --format %(refname) %(objectname) --sort -committerdate
> git remote --verbose
Failed to watch ref '/home/cvam/Documents/scrapyExample/.git/refs/remotes/origin/master', is most likely packed.
Error: ENOENT: no such file or directory, watch '/home/cvam/Documents/scrapyExample/.git/refs/remotes/origin/master'
	at FSWatcher.start (internal/fs/watchers.js:165:26)
	at Object.watch (fs.js:1270:11)
	at Object.t.watch (/usr/lib/code/extensions/git/dist/main.js:1:598241)
	at T.updateTransientWatchers (/usr/lib/code/extensions/git/dist/main.js:1:83843)
	at e.fire (/usr/lib/code/out/vs/workbench/services/extensions/node/extensionHostProcess.js:48:517)
	at e.updateModelState (/usr/lib/code/extensions/git/dist/main.js:1:102713)
> git config --get commit.template
> git check-ignore -v -z --stdin
> git show :scrap.py
> git ls-files --stage -- /home/cvam/Documents/scrapyExample/scrap.py
> git status -z -u
> git symbolic-ref --short HEAD
> git rev-parse master
> git rev-parse --symbolic-full-name master@{u}
> git rev-list --left-right master...refs/remotes/origin/master
> git for-each-ref --format %(refname) %(objectname) --sort -committerdate
> git remote --verbose
Failed to watch ref '/home/cvam/Documents/scrapyExample/.git/refs/remotes/origin/master', is most likely packed.
Error: ENOENT: no such file or directory, watch '/home/cvam/Documents/scrapyExample/.git/refs/remotes/origin/master'
	at FSWatcher.start (internal/fs/watchers.js:165:26)
	at Object.watch (fs.js:1270:11)
	at Object.t.watch (/usr/lib/code/extensions/git/dist/main.js:1:598241)
	at T.updateTransientWatchers (/usr/lib/code/extensions/git/dist/main.js:1:83843)
	at e.fire (/usr/lib/code/out/vs/workbench/services/extensions/node/extensionHostProcess.js:48:517)
	at e.updateModelState (/usr/lib/code/extensions/git/dist/main.js:1:102713)
> git config --get commit.template
> git status -z -u
> git symbolic-ref --short HEAD
> git rev-parse master
> git rev-parse --symbolic-full-name master@{u}
> git rev-list --left-right master...refs/remotes/origin/master
> git for-each-ref --format %(refname) %(objectname) --sort -committerdate
> git remote --verbose
Failed to watch ref '/home/cvam/Documents/scrapyExample/.git/refs/remotes/origin/master', is most likely packed.
Error: ENOENT: no such file or directory, watch '/home/cvam/Documents/scrapyExample/.git/refs/remotes/origin/master'
	at FSWatcher.start (internal/fs/watchers.js:165:26)
	at Object.watch (fs.js:1270:11)
	at Object.t.watch (/usr/lib/code/extensions/git/dist/main.js:1:598241)
	at T.updateTransientWatchers (/usr/lib/code/extensions/git/dist/main.js:1:83843)
	at e.fire (/usr/lib/code/out/vs/workbench/services/extensions/node/extensionHostProcess.js:48:517)
	at e.updateModelState (/usr/lib/code/extensions/git/dist/main.js:1:102713)
> git config --get commit.template
> git status -z -u
> git symbolic-ref --short HEAD
> git rev-parse master
> git rev-parse --symbolic-full-name master@{u}
> git rev-list --left-right master...refs/remotes/origin/master
> git for-each-ref --format %(refname) %(objectname) --sort -committerdate
> git remote --verbose
Failed to watch ref '/home/cvam/Documents/scrapyExample/.git/refs/remotes/origin/master', is most likely packed.
Error: ENOENT: no such file or directory, watch '/home/cvam/Documents/scrapyExample/.git/refs/remotes/origin/master'
	at FSWatcher.start (internal/fs/watchers.js:165:26)
	at Object.watch (fs.js:1270:11)
	at Object.t.watch (/usr/lib/code/extensions/git/dist/main.js:1:598241)
	at T.updateTransientWatchers (/usr/lib/code/extensions/git/dist/main.js:1:83843)
	at e.fire (/usr/lib/code/out/vs/workbench/services/extensions/node/extensionHostProcess.js:48:517)
	at e.updateModelState (/usr/lib/code/extensions/git/dist/main.js:1:102713)
> git config --get commit.template
> git check-ignore -v -z --stdin
> git status -z -u
> git symbolic-ref --short HEAD
> git ls-files --stage -- /home/cvam/Documents/scrapyExample/scrap.py
> git rev-parse master
> git cat-file -s cb2cccd915019250e18b459f78ce74deb9a52e22
> git rev-parse --symbolic-full-name master@{u}
> git rev-list --left-right master...refs/remotes/origin/master
> git show :scrap.py
> git for-each-ref --format %(refname) %(objectname) --sort -committerdate
> git remote --verbose
> git config --get commit.template
> git show :requirements.txt
> git ls-files --stage -- /home/cvam/Documents/scrapyExample/requirements.txt
> git status -z -u
> git symbolic-ref --short HEAD
> git rev-parse master
> git rev-parse --symbolic-full-name master@{u}
> git rev-list --left-right master...refs/remotes/origin/master
> git for-each-ref --format %(refname) %(objectname) --sort -committerdate
> git remote --verbose
> git config --get commit.template
> git show :scrap.py
> git ls-files --stage -- /home/cvam/Documents/scrapyExample/scrap.py
> git cat-file -s cb2cccd915019250e18b459f78ce74deb9a52e22
> git status -z -u
> git symbolic-ref --short HEAD
> git rev-parse master
> git rev-parse --symbolic-full-name master@{u}
> git rev-list --left-right master...refs/remotes/origin/master
> git for-each-ref --format %(refname) %(objectname) --sort -committerdate
> git remote --verbose
> git config --get commit.template
> git show :requirements.txt
> git ls-files --stage -- /home/cvam/Documents/scrapyExample/requirements.txt
> git show :scrap.py
> git ls-files --stage -- /home/cvam/Documents/scrapyExample/scrap.py
> git cat-file -s cb2cccd915019250e18b459f78ce74deb9a52e22
> git show :requirements.txt
> git ls-files --stage -- /home/cvam/Documents/scrapyExample/requirements.txt
> git show :scrap.py
> git ls-files --stage -- /home/cvam/Documents/scrapyExample/scrap.py
> git cat-file -s cb2cccd915019250e18b459f78ce74deb9a52e22
> git show :requirements.txt
> git ls-files --stage -- /home/cvam/Documents/scrapyExample/requirements.txt
> git status -z -u
> git symbolic-ref --short HEAD
> git rev-parse master
> git rev-parse --symbolic-full-name master@{u}
> git rev-list --left-right master...refs/remotes/origin/master
> git for-each-ref --format %(refname) %(objectname) --sort -committerdate
> git remote --verbose
> git config --get commit.template
> git status -z -u
> git symbolic-ref --short HEAD
> git rev-parse master
> git rev-parse --symbolic-full-name master@{u}
> git rev-list --left-right master...refs/remotes/origin/master
> git for-each-ref --format %(refname) %(objectname) --sort -committerdate
> git remote --verbose
> git config --get commit.template
> git show :scrap.py
> git ls-files --stage -- /home/cvam/Documents/scrapyExample/scrap.py
> git cat-file -s cb2cccd915019250e18b459f78ce74deb9a52e22
> git show :requirements.txt
> git ls-files --stage -- /home/cvam/Documents/scrapyExample/requirements.txt
> git show :scrap.py
> git ls-files --stage -- /home/cvam/Documents/scrapyExample/scrap.py
> git cat-file -s cb2cccd915019250e18b459f78ce74deb9a52e22
> git show :requirements.txt
> git ls-files --stage -- /home/cvam/Documents/scrapyExample/requirements.txt
> git status -z -u
> git symbolic-ref --short HEAD
> git rev-parse master
> git rev-parse --symbolic-full-name master@{u}
> git rev-list --left-right master...refs/remotes/origin/master
> git for-each-ref --format %(refname) %(objectname) --sort -committerdate
> git remote --verbose
> git config --get commit.template
> git status -z -u
> git symbolic-ref --short HEAD
> git ls-files --stage -- /home/cvam/Documents/scrapyExample/requirements.txt
> git rev-parse master
> git cat-file -s b47eddff9419436420bc947546b84a605687037b
> git rev-parse --symbolic-full-name master@{u}
> git rev-list --left-right master...refs/remotes/origin/master
> git show :requirements.txt
> git for-each-ref --format %(refname) %(objectname) --sort -committerdate
> git remote --verbose
> git config --get commit.template
> git status -z -u
> git symbolic-ref --short HEAD
> git rev-parse master
> git rev-parse --symbolic-full-name master@{u}
> git rev-list --left-right master...refs/remotes/origin/master
> git for-each-ref --format %(refname) %(objectname) --sort -committerdate
> git remote --verbose
> git config --get commit.template
> git status -z -u
> git symbolic-ref --short HEAD
> git rev-parse master
> git rev-parse --symbolic-full-name master@{u}
> git rev-list --left-right master...refs/remotes/origin/master
> git for-each-ref --format %(refname) %(objectname) --sort -committerdate
> git remote --verbose
> git config --get commit.template
