[03/06/20, 15:51:34:768] info: ╔═════════════════════════════════════════════════════════════════════════════╗
║      Slack 4.3.2, linux 5.5.6-arch1-1 on x64 at 03/06/20, 15:51:34:766      ║
╚═════════════════════════════════════════════════════════════════════════════╝ 
[03/06/20, 15:51:34:770] info: Configured logger via 
{
  "logLevel": "info",
  "numberOfInstances": 1
}
[03/06/20, 15:51:34:770] info: Predefined values for process 
{
  "NODE_ENV": "production",
  "platform": "linux",
  "type": "browser",
  "PACKAGE_MANIFEST.productName": "Slack",
  "PACKAGE_MANIFEST.version": "4.3.2",
  "PACKAGE_MANIFEST.commit": "bdb3575",
  "PACKAGE_MANIFEST.branch": "HEAD"
}
[03/06/20, 15:51:34:863] error: Locale: Tried to access systemLocale before application was ready 
[03/06/20, 15:51:34:868] info: Current locale is same as new locale specified, skipping 
{
  "locale": "en-US",
  "current": "en-US"
}
[03/06/20, 15:51:34:868] info: Current locale is same as new locale specified, skipping 
{
  "locale": "en-US",
  "current": "en-US"
}
[03/06/20, 15:51:34:868] info: Current locale is same as new locale specified, skipping 
{
  "locale": "en-US",
  "current": "en-US"
}
[03/06/20, 15:51:34:879] info: Could not load previous electron version 
[03/06/20, 15:51:34:891] info: Store: persist/REHYDRATE 
[03/06/20, 15:51:34:892] info: UpdaterEpics: Updates disabled because 
{
  "reasons": [
    "using Linux"
  ]
}
[03/06/20, 15:51:34:892] info: Store: INITIALIZE 
{
  "resourcePath": "/usr/lib/slack/resources/app.asar"
}
[03/06/20, 15:51:34:894] info: Generated uuid and stored 
{
  "uuid": "419eca47-4251-5bb3-95a8-e1405c08944f"
}
[03/06/20, 15:51:34:923] warn: Failed to install protocol handler for slack:// links 
[03/06/20, 15:51:34:946] info: Store: CREATE_WINDOW 
{
  "type": "main"
}
[03/06/20, 15:51:34:951] info: App: Welcome to Slack 0.0.0 x64 
[03/06/20, 15:51:34:951] info: App load time: 0,258366644 
[03/06/20, 15:51:34:967] warn: Couldn't get Linux distro info from lsb_release, trying fallback to get Linux distro info 
{
  "error": {
    "stack": "Error: Command failed: lsb_release -a --short\n/bin/sh: lsb_release: command not found\n\n    at ChildProcess.exithandler (child_process.js:308:12)\n    at ChildProcess.emit (events.js:203:13)\n    at ChildProcess.EventEmitter.emit (domain.js:476:20)\n    at maybeClose (internal/child_process.js:1021:16)\n    at Socket.<anonymous> (internal/child_process.js:430:11)\n    at Socket.emit (events.js:203:13)\n    at Socket.EventEmitter.emit (domain.js:476:20)\n    at Pipe.<anonymous> (net.js:588:12)",
    "message": "Command failed: lsb_release -a --short\n/bin/sh: lsb_release: command not found\n",
    "killed": false,
    "code": 127,
    "signal": null,
    "cmd": "lsb_release -a --short",
    "stdout": "",
    "stderr": "/bin/sh: lsb_release: command not found\n"
  },
  "stackFrameString": "[{\"columnNumber\":12,\"lineNumber\":308,\"fileName\":\"child_process.js\",\"functionName\":\"ChildProcess.exithandler\",\"source\":\"    at ChildProcess.exithandler (child_process.js:308:12)\"},{\"columnNumber\":13,\"lineNumber\":203,\"fileName\":\"events.js\",\"functionName\":\"ChildProcess.emit\",\"source\":\"    at ChildProcess.emit (events.js:203:13)\"},{\"columnNumber\":20,\"lineNumber\":476,\"fileName\":\"domain.js\",\"functionName\":\"ChildProcess.EventEmitter.emit\",\"source\":\"    at ChildProcess.EventEmitter.emit (domain.js:476:20)\"},{\"columnNumber\":16,\"lineNumber\":1021,\"fileName\":\"internal/child_process.js\",\"functionName\":\"maybeClose\",\"source\":\"    at maybeClose (internal/child_process.js:1021:16)\"},{\"columnNumber\":11,\"lineNumber\":430,\"fileName\":\"internal/child_process.js\",\"functionName\":\"Socket.<anonymous>\",\"source\":\"    at Socket.<anonymous> (internal/child_process.js:430:11)\"},{\"columnNumber\":13,\"lineNumber\":203,\"fileName\":\"events.js\",\"functionName\":\"Socket.emit\",\"source\":\"    at Socket.emit (events.js:203:13)\"},{\"columnNumber\":20,\"lineNumber\":476,\"fileName\":\"domain.js\",\"functionName\":\"Socket.EventEmitter.emit\",\"source\":\"    at Socket.EventEmitter.emit (domain.js:476:20)\"},{\"columnNumber\":12,\"lineNumber\":588,\"fileName\":\"net.js\",\"functionName\":\"Pipe.<anonymous>\",\"source\":\"    at Pipe.<anonymous> (net.js:588:12)\"}]"
}
[03/06/20, 15:51:34:979] info: Store: READY 
{
  "resourcePath": "/usr/lib/slack/resources/app.asar",
  "appVersion": "4.3.2",
  "isGpuCompositionAvailable": true,
  "isTitleBarHidden": false,
  "platformVersion": {
    "major": 5,
    "minor": 5,
    "build": 6
  },
  "releaseChannel": "prod",
  "uuid": "419eca47-4251-5bb3-95a8-e1405c08944f",
  "sessionId": "NDE5ZWNhNDctNDI1MS01YmIzLTk1YTgtZTE0MDVjMDg5NDRmXzE1ODM0OTAwOTQ4OTQ=",
  "distribution": "DDL",
  "linux": {
    "os": "Arch Linux",
    "name": "Arch Linux ",
    "release": "",
    "codename": ""
  }
}
[03/06/20, 15:51:34:982] info: Watching for keyboard layout changes 
[03/06/20, 15:51:34:988] info: Store: UPDATE_SETTINGS 
{
  "keyboardLayout": "us"
}
[03/06/20, 15:51:34:989] info: Store: UPDATE_SETTINGS 
{
  "isSignedIntoSlackOrg": false
}
[03/06/20, 15:51:34:990] info: AutoLoginEpic: Checking for autologin. 
[03/06/20, 15:51:34:992] info: Store: UPDATE_SETTINGS 
{
  "launchOnStartup": false,
  "hasRunApp": true
}
[03/06/20, 15:51:35:012] info: System configuration information 
{
  "info": {
    "total_memory_in_gb": 15,
    "gpuFeatures": {
      "2d_canvas": "enabled",
      "flash_3d": "enabled",
      "flash_stage3d": "enabled",
      "flash_stage3d_baseline": "enabled",
      "gpu_compositing": "enabled",
      "multiple_raster_threads": "enabled_on",
      "oop_rasterization": "disabled_off",
      "protected_video_decode": "unavailable_off",
      "rasterization": "disabled_software",
      "skia_renderer": "disabled_off_ok",
      "video_decode": "unavailable_off",
      "viz_display_compositor": "enabled_on",
      "viz_hit_test_surface_layer": "disabled_off_ok",
      "webgl": "enabled",
      "webgl2": "enabled"
    },
    "cpu_model": "Intel(R) Core(TM) i7-8650U CPU @ 1.90GHz",
    "cpu_logical_core": 8,
    "cpu_clock_speed": 803,
    "gpuDevice": [
      {
        "active": true,
        "cudaComputeCapabilityMajor": 0,
        "deviceId": 22807,
        "vendorId": 32902
      }
    ],
    "machine_model_name": "unknown",
    "machine_model_version": "unknown"
  }
}
[03/06/20, 15:51:35:021] info: Store: TOKEN_FILE_PROCESSED 
[03/06/20, 15:51:35:022] info: AutoLoginEpic: Processing token file for autologin. 
[03/06/20, 15:51:35:023] info: Store: AUTOLOGIN_TEAMS_COMPLETE 
[03/06/20, 15:51:35:025] info: AutoLoginEpic: Setting default sign-in team to null 
[03/06/20, 15:51:35:025] info: Store: UPDATE_SETTINGS 
{
  "defaultSigninTeam": null
}
[03/06/20, 15:51:35:043] info: WebContentsMediator: Attaching to new webContents 
[03/06/20, 15:51:35:061] info: Store: UPSERT_WEB_CONTENTS 
{
  "id": 1,
  "appId": "app",
  "state": "unloaded"
}
[03/06/20, 15:51:35:069] info: MainWindowEpics: Setting main window ID 
{
  "id": 1
}
[03/06/20, 15:51:35:070] info: Store: WINDOW_CREATED 
{
  "frame": {
    "isFullScreen": false,
    "isMinimized": false,
    "isMaximized": false,
    "isVisible": false,
    "isFocused": false,
    "bounds": {
      "x": 560,
      "y": 240,
      "width": 800,
      "height": 600
    }
  },
  "type": "main",
  "id": 1
}
[03/06/20, 15:51:35:932] info: Team boot count 
{
  "count": 1
}
[03/06/20, 15:51:36:115] info: Store: SET_WINDOW_FRAME 
{
  "id": 1,
  "frame": {
    "bounds": {
      "x": 448,
      "y": 156,
      "width": 1024,
      "height": 768
    },
    "isMaximized": false
  },
  "fromEvent": true
}
[03/06/20, 15:51:36:181] info: Store: SET_WINDOW_FRAME 
{
  "id": 1,
  "frame": {
    "title": "[REDACTED]"
  },
  "fromEvent": true
}
[03/06/20, 15:51:37:053] info: Store: SET_NETWORK_STATUS online
[03/06/20, 15:51:40:588] info: Store: UPDATE_SETTINGS 
{
  "userTheme": "light"
}
[03/06/20, 15:51:40:597] info: Store: UPDATE_SETTINGS 
{
  "systemThemeSyncEnabled": false
}
[03/06/20, 15:51:40:990] info: Store: REDUX_UPDATE_FROM_WEBAPP (T00000000) Changed keys [theme,notificationPrefs,featureFlags,bootConfig,unreads,locale]
[03/06/20, 15:51:41:007] info: WebContents LifeCycle: webContents:1 from 'unloaded' to 'loaded' took 5945 ms 
[03/06/20, 15:51:41:007] info: Store: UPSERT_WEB_CONTENTS 
{
  "id": 1,
  "state": "loaded",
  "appId": "app"
}
[03/06/20, 15:51:41:009] info: initializeMainWindowEpic: Showing main window 
{
  "maximized": false,
  "shouldHide": false,
  "fullScreen": false
}
[03/06/20, 15:51:41:010] info: Store: SET_WINDOW_FRAME 
{
  "id": 1,
  "frame": {
    "isVisible": true
  },
  "fromEvent": true
}
[03/06/20, 15:51:41:011] info: Store: MAIN_WINDOW_SHOWN 
[03/06/20, 15:51:41:012] info: Store: UPDATE_SETTINGS 
{
  "mainWindowSettings": {
    "fullScreen": false,
    "maximized": false,
    "bounds": {
      "x": 448,
      "y": 156,
      "width": 1024,
      "height": 768
    }
  }
}
[03/06/20, 15:51:41:013] info: Store: CLEAR_NOTIFICATIONS 
[03/06/20, 15:51:41:013] info: UpdaterEpics: Updates disabled because 
{
  "reasons": [
    "using Linux"
  ]
}
[03/06/20, 15:51:41:022] info: Store: SET_WINDOW_FRAME 
{
  "id": 1,
  "frame": {
    "isFullScreen": false
  },
  "fromEvent": true
}
[03/06/20, 15:51:41:025] info: Store: REDUX_UPDATE_FROM_WEBAPP (T00000000) Changed keys [version]
[03/06/20, 15:51:41:028] info: Store: SET_WINDOW_FRAME 
{
  "id": 1,
  "frame": {
    "isFocused": true
  },
  "fromEvent": true
}
[03/06/20, 15:51:42:033] info: Store: SET_WINDOW_FRAME 
{
  "id": 1,
  "frame": {
    "bounds": {
      "x": 960,
      "y": 28,
      "width": 960,
      "height": 1031
    },
    "isMaximized": false
  },
  "fromEvent": true
}
[03/06/20, 15:51:42:037] info: Store: SET_WINDOW_FRAME 
{
  "id": 1,
  "frame": {
    "bounds": {
      "x": 960,
      "y": 28,
      "width": 960,
      "height": 1031
    },
    "isMaximized": false
  },
  "fromEvent": true
}
[03/06/20, 15:51:42:095] info: Store: UPDATE_SETTINGS 
{
  "mainWindowSettings": {
    "fullScreen": false,
    "maximized": false,
    "bounds": {
      "x": 960,
      "y": 28,
      "width": 960,
      "height": 1031
    }
  }
}
[03/06/20, 15:51:43:518] info: Store: SET_WINDOW_FRAME 
{
  "id": 1,
  "frame": {
    "isFullScreen": false
  },
  "fromEvent": true
}
[03/06/20, 15:51:43:520] info: Store: SET_WINDOW_FRAME 
{
  "id": 1,
  "frame": {
    "isFocused": false
  },
  "fromEvent": true
}
[03/06/20, 15:51:44:516] info: Store: SET_WINDOW_FRAME 
{
  "id": 1,
  "frame": {
    "bounds": {
      "x": 640,
      "y": 28,
      "width": 640,
      "height": 1031
    },
    "isMaximized": false
  },
  "fromEvent": true
}
[03/06/20, 15:51:44:518] info: Store: SET_WINDOW_FRAME 
{
  "id": 1,
  "frame": {
    "bounds": {
      "x": 640,
      "y": 28,
      "width": 640,
      "height": 1031
    },
    "isMaximized": false
  },
  "fromEvent": true
}
[03/06/20, 15:51:44:584] info: Store: UPDATE_SETTINGS 
{
  "mainWindowSettings": {
    "fullScreen": false,
    "maximized": false,
    "bounds": {
      "x": 640,
      "y": 28,
      "width": 640,
      "height": 1031
    }
  }
}
[03/06/20, 15:52:01:234] info: Store: SET_WINDOW_FRAME 
{
  "id": 1,
  "frame": {
    "isFullScreen": false
  },
  "fromEvent": true
}
[03/06/20, 15:52:01:237] info: Store: SET_WINDOW_FRAME 
{
  "id": 1,
  "frame": {
    "isFocused": true
  },
  "fromEvent": true
}
[03/06/20, 15:52:01:313] info: Store: SET_WINDOW_FRAME 
{
  "id": 1,
  "frame": {
    "isFocused": false
  },
  "fromEvent": true
}
[03/06/20, 15:52:01:317] info: Store: SET_WINDOW_FRAME 
{
  "id": 1,
  "frame": {
    "isFullScreen": false
  },
  "fromEvent": true
}
[03/06/20, 15:52:01:969] info: Store: SET_WINDOW_FRAME 
{
  "id": 1,
  "frame": {
    "isFullScreen": false
  },
  "fromEvent": true
}
[03/06/20, 15:52:01:973] info: Store: SET_WINDOW_FRAME 
{
  "id": 1,
  "frame": {
    "isFocused": true
  },
  "fromEvent": true
}
[03/06/20, 15:52:02:489] info: Store: SET_WINDOW_FRAME 
{
  "id": 1,
  "frame": {
    "isFocused": false
  },
  "fromEvent": true
}
[03/06/20, 15:52:02:492] info: Store: SET_WINDOW_FRAME 
{
  "id": 1,
  "frame": {
    "isFullScreen": false
  },
  "fromEvent": true
}
[03/06/20, 15:52:05:810] info: Store: SET_WINDOW_FRAME 
{
  "id": 1,
  "frame": {
    "isFullScreen": false
  },
  "fromEvent": true
}
[03/06/20, 15:52:05:816] info: Store: SET_WINDOW_FRAME 
{
  "id": 1,
  "frame": {
    "isFocused": true
  },
  "fromEvent": true
}
[03/06/20, 15:52:05:937] info: Store: SET_WINDOW_FRAME 
{
  "id": 1,
  "frame": {
    "isFocused": false
  },
  "fromEvent": true
}
[03/06/20, 15:52:05:940] info: Store: SET_WINDOW_FRAME 
{
  "id": 1,
  "frame": {
    "isFullScreen": false
  },
  "fromEvent": true
}
[03/06/20, 15:52:34:982] info: Store: UPDATE_SETTINGS 
{
  "lastClogForProxyInfo": 1583490154982
}
[03/06/20, 15:53:16:604] info: secondInstanceEpic: Received deep link protocol activation 
[03/06/20, 15:53:16:605] info: Store: HANDLE_DEEP_LINK 
{
  "url": "slack://T3ZBW1Z0D/magic-login/985030676964-07b867d88eef2f3eb4d7f038b4e701769c23861a0ccac0cda31593f2b3166602",
  "causedLaunch": false
}
[03/06/20, 15:53:16:608] info: WebContentsMediator: Attaching to new webContents 
[03/06/20, 15:53:16:609] info: MagicLogin: Making magic login API request to https://app.slack.com/api/ 
[03/06/20, 15:53:17:431] info: WebContents LifeCycle: webContents:1 from 'loaded' to 'page-will-navigate' took 96424 ms 
[03/06/20, 15:53:17:431] info: Store: UPSERT_WEB_CONTENTS 
{
  "id": 1,
  "history": "[REDACTED]",
  "state": "page-will-navigate",
  "appId": "app"
}
[03/06/20, 15:53:17:484] info: MagicLogin: Added team T3ZBW1Z0D 
[03/06/20, 15:53:18:799] info: Store: SET_WINDOW_FRAME 
{
  "id": 1,
  "frame": {
    "isFullScreen": false
  },
  "fromEvent": true
}
[03/06/20, 15:53:18:801] info: Store: SET_WINDOW_FRAME 
{
  "id": 1,
  "frame": {
    "isFocused": true
  },
  "fromEvent": true
}
[03/06/20, 15:53:18:977] info: Team boot count 
{
  "count": 2
}
[03/06/20, 15:53:18:978] info: attempting to restart service worker 
[03/06/20, 15:53:18:978] info: sending debug protocol message 
{
  "message": "ServiceWorker.enable"
}
[03/06/20, 15:53:18:979] info: sending debug protocol message 
{
  "message": "ServiceWorker.stopAllWorkers"
}
[03/06/20, 15:53:18:979] info: sending debug protocol message 
{
  "message": "ServiceWorker.disable"
}
[03/06/20, 15:53:18:979] info: successfully restarted service worker 
[03/06/20, 15:53:18:990] info: Store: SET_WINDOW_FRAME 
{
  "id": 1,
  "frame": {
    "title": "[REDACTED]"
  },
  "fromEvent": true
}
[03/06/20, 15:53:18:998] info: WebContents LifeCycle: webContents:1 from 'page-will-navigate' to 'loaded' took 1567 ms 
[03/06/20, 15:53:18:999] info: Store: UPSERT_WEB_CONTENTS 
{
  "id": 1,
  "state": "loaded",
  "appId": "app"
}
[03/06/20, 15:53:19:713] info: Store: SET_WINDOW_FRAME 
{
  "id": 1,
  "frame": {
    "isFocused": false
  },
  "fromEvent": true
}
[03/06/20, 15:53:19:719] info: Store: SET_WINDOW_FRAME 
{
  "id": 1,
  "frame": {
    "isFullScreen": false
  },
  "fromEvent": true
}
[03/06/20, 15:53:19:996] info: Store: SET_NETWORK_STATUS online
[03/06/20, 15:53:20:757] info: Store: UPDATE_SETTINGS 
{
  "userTheme": "light"
}
[03/06/20, 15:53:20:759] info: Store: UPDATE_SETTINGS 
{
  "systemThemeSyncEnabled": false
}
[03/06/20, 15:53:21:236] info: Store: SYNC (Empty)
[03/06/20, 15:53:21:237] info: Store: SELECTION_CHANGED T3ZBW1Z0D
[03/06/20, 15:53:21:237] info: Current locale is same as new locale specified, skipping 
{
  "locale": "en-US",
  "current": "en-US"
}
[03/06/20, 15:53:21:239] info: Store: UPDATE_SETTINGS 
{
  "locale": "en-US"
}
[03/06/20, 15:53:21:239] info: Current locale is same as new locale specified, skipping 
{
  "locale": "en-US",
  "current": "en-US"
}
[03/06/20, 15:53:21:239] info: Store: UPDATE_SETTINGS 
{
  "locale": "en-US"
}
[03/06/20, 15:53:21:277] info: Store: REDUX_UPDATE_FROM_WEBAPP (T3ZBW1Z0D) Changed keys [theme,notificationPrefs,featureFlags,bootConfig,unreads,locale]
[03/06/20, 15:53:21:282] info: Store: REDUX_UPDATE_FROM_WEBAPP (T3ZBW1Z0D) Changed keys [version]
[03/06/20, 15:53:21:293] info: Store: REDUX_UPDATE_FROM_WEBAPP (T3ZBW1Z0D) Changed keys [theme,notificationPrefs,unreads]
[03/06/20, 15:53:21:328] info: Store: SYNC Synced 1 workspaces with IDs [T3ZBW1Z0D]
[03/06/20, 15:53:21:335] info: Store: SELECTION_CHANGED T3ZBW1Z0D
[03/06/20, 15:53:21:335] info: WebContents LifeCycle: webContents:1 from 'loaded' to 'webapp-loaded' took 2337 ms 
[03/06/20, 15:53:21:335] info: Store: UPSERT_WEB_CONTENTS 
{
  "id": 1,
  "state": "webapp-loaded",
  "appId": "app"
}
[03/06/20, 15:53:21:437] info: Store: SET_WINDOW_FRAME 
{
  "id": 1,
  "frame": {
    "title": "[REDACTED]"
  },
  "fromEvent": true
}
[03/06/20, 15:53:21:511] info: Store: SET_WINDOW_FRAME 
{
  "id": 1,
  "frame": {
    "isFullScreen": false
  },
  "fromEvent": true
}
[03/06/20, 15:53:21:512] info: Store: SET_WINDOW_FRAME 
{
  "id": 1,
  "frame": {
    "isFocused": true
  },
  "fromEvent": true
}
[03/06/20, 15:53:22:368] info: Store: SET_WINDOW_FRAME 
{
  "id": 1,
  "frame": {
    "isFocused": false
  },
  "fromEvent": true
}
[03/06/20, 15:53:22:371] info: Store: SET_WINDOW_FRAME 
{
  "id": 1,
  "frame": {
    "isFullScreen": false
  },
  "fromEvent": true
}
[03/06/20, 15:53:22:420] info: Store: STORE_ENTERPRISE_ID_PAIR 
{
  "enterpriseId": null
}
[03/06/20, 15:53:24:167] info: Store: SET_WINDOW_FRAME 
{
  "id": 1,
  "frame": {
    "isFullScreen": false
  },
  "fromEvent": true
}
[03/06/20, 15:53:24:169] info: Store: SET_WINDOW_FRAME 
{
  "id": 1,
  "frame": {
    "isFocused": true
  },
  "fromEvent": true
}
[03/06/20, 15:53:25:149] info: Store: SET_WINDOW_FRAME 
{
  "id": 1,
  "frame": {
    "bounds": {
      "x": 960,
      "y": 28,
      "width": 960,
      "height": 1031
    },
    "isMaximized": false
  },
  "fromEvent": true
}
[03/06/20, 15:53:25:173] info: Store: SET_WINDOW_FRAME 
{
  "id": 1,
  "frame": {
    "bounds": {
      "x": 960,
      "y": 28,
      "width": 960,
      "height": 1031
    },
    "isMaximized": false
  },
  "fromEvent": true
}
[03/06/20, 15:53:25:235] info: Store: UPDATE_SETTINGS 
{
  "mainWindowSettings": {
    "fullScreen": false,
    "maximized": false,
    "bounds": {
      "x": 960,
      "y": 28,
      "width": 960,
      "height": 1031
    }
  }
}
[03/06/20, 15:53:35:497] info: Store: SET_WINDOW_FRAME 
{
  "id": 1,
  "frame": {
    "isFocused": false
  },
  "fromEvent": true
}
[03/06/20, 15:53:35:500] info: Store: SET_WINDOW_FRAME 
{
  "id": 1,
  "frame": {
    "isFullScreen": false
  },
  "fromEvent": true
}
[03/06/20, 15:54:22:297] info: Store: SET_WINDOW_FRAME 
{
  "id": 1,
  "frame": {
    "isFullScreen": false
  },
  "fromEvent": true
}
[03/06/20, 15:54:22:301] info: Store: SET_WINDOW_FRAME 
{
  "id": 1,
  "frame": {
    "isFocused": true
  },
  "fromEvent": true
}
[03/06/20, 15:54:26:554] info: Store: OPEN_CONTEXT_MENU 
{
  "id": 1,
  "params": "[REDACTED]"
}
[03/06/20, 15:54:39:442] info: Store: OPEN_CONTEXT_MENU 
{
  "id": 1,
  "params": "[REDACTED]"
}
[03/06/20, 15:55:22:717] info: Store: SET_WINDOW_FRAME 
{
  "id": 1,
  "frame": {
    "isFocused": false
  },
  "fromEvent": true
}
[03/06/20, 15:55:22:718] info: Store: SET_WINDOW_FRAME 
{
  "id": 1,
  "frame": {
    "isFullScreen": false
  },
  "fromEvent": true
}
[03/06/20, 15:55:23:716] info: Store: SET_WINDOW_FRAME 
{
  "id": 1,
  "frame": {
    "bounds": {
      "x": 640,
      "y": 28,
      "width": 640,
      "height": 1031
    },
    "isMaximized": false
  },
  "fromEvent": true
}
[03/06/20, 15:55:23:717] info: Store: SET_WINDOW_FRAME 
{
  "id": 1,
  "frame": {
    "bounds": {
      "x": 640,
      "y": 28,
      "width": 640,
      "height": 1031
    },
    "isMaximized": false
  },
  "fromEvent": true
}
[03/06/20, 15:55:23:780] info: Store: UPDATE_SETTINGS 
{
  "mainWindowSettings": {
    "fullScreen": false,
    "maximized": false,
    "bounds": {
      "x": 640,
      "y": 28,
      "width": 640,
      "height": 1031
    }
  }
}
[03/06/20, 15:55:50:103] info: Store: SET_WINDOW_FRAME 
{
  "id": 1,
  "frame": {
    "isFullScreen": false
  },
  "fromEvent": true
}
[03/06/20, 15:55:50:104] info: Store: SET_WINDOW_FRAME 
{
  "id": 1,
  "frame": {
    "isFocused": true
  },
  "fromEvent": true
}
[03/06/20, 15:55:50:425] info: Store: SET_WINDOW_FRAME 
{
  "id": 1,
  "frame": {
    "isFocused": false
  },
  "fromEvent": true
}
[03/06/20, 15:55:50:427] info: Store: SET_WINDOW_FRAME 
{
  "id": 1,
  "frame": {
    "isFullScreen": false
  },
  "fromEvent": true
}
[03/06/20, 15:57:12:090] info: WebContents LifeCycle: webContents:1 from 'webapp-loaded' to 'page-will-navigate' took 230755 ms 
[03/06/20, 15:57:12:091] info: Store: UPSERT_WEB_CONTENTS 
{
  "id": 1,
  "history": "[REDACTED]",
  "state": "page-will-navigate",
  "appId": "app"
}
[03/06/20, 15:57:12:323] info: Team boot count 
{
  "count": 3
}
[03/06/20, 15:57:12:323] info: attempting to restart service worker 
[03/06/20, 15:57:12:324] info: sending debug protocol message 
{
  "message": "ServiceWorker.enable"
}
[03/06/20, 15:57:12:324] info: sending debug protocol message 
{
  "message": "ServiceWorker.stopAllWorkers"
}
[03/06/20, 15:57:12:325] info: sending debug protocol message 
{
  "message": "ServiceWorker.disable"
}
[03/06/20, 15:57:12:326] info: successfully restarted service worker 
[03/06/20, 15:57:12:339] info: Store: SET_WINDOW_FRAME 
{
  "id": 1,
  "frame": {
    "title": "[REDACTED]"
  },
  "fromEvent": true
}
[03/06/20, 15:57:12:343] info: WebContents LifeCycle: webContents:1 from 'page-will-navigate' to 'loaded' took 253 ms 
[03/06/20, 15:57:12:344] info: Store: UPSERT_WEB_CONTENTS 
{
  "id": 1,
  "state": "loaded",
  "appId": "app"
}
[03/06/20, 15:57:12:933] info: WebContents LifeCycle: webContents:1 from 'loaded' to 'page-will-navigate' took 590 ms 
[03/06/20, 15:57:12:933] info: Store: UPSERT_WEB_CONTENTS 
{
  "id": 1,
  "history": "[REDACTED]",
  "state": "page-will-navigate",
  "appId": "app"
}
[03/06/20, 15:57:13:195] info: Store: SET_NETWORK_STATUS online
[03/06/20, 15:57:14:444] info: Team boot count 
{
  "count": 4
}
[03/06/20, 15:57:14:594] info: Store: SET_WINDOW_FRAME 
{
  "id": 1,
  "frame": {
    "isFullScreen": false
  },
  "fromEvent": true
}
[03/06/20, 15:57:14:595] info: Store: SET_WINDOW_FRAME 
{
  "id": 1,
  "frame": {
    "isFocused": true
  },
  "fromEvent": true
}
[03/06/20, 15:57:14:647] info: Store: SET_WINDOW_FRAME 
{
  "id": 1,
  "frame": {
    "isFocused": false
  },
  "fromEvent": true
}
[03/06/20, 15:57:14:649] info: Store: SET_WINDOW_FRAME 
{
  "id": 1,
  "frame": {
    "isFullScreen": false
  },
  "fromEvent": true
}
[03/06/20, 15:57:14:877] info: WebContents LifeCycle: webContents:1 from 'page-will-navigate' to 'page-will-navigate' took 1943 ms 
[03/06/20, 15:57:14:877] info: Store: UPSERT_WEB_CONTENTS 
{
  "id": 1,
  "history": "[REDACTED]",
  "state": "page-will-navigate",
  "appId": "app"
}
[03/06/20, 15:57:15:326] info: Store: UPDATE_SETTINGS 
{
  "userTheme": "light"
}
[03/06/20, 15:57:15:330] info: Store: UPDATE_SETTINGS 
{
  "systemThemeSyncEnabled": false
}
[03/06/20, 15:57:15:543] info: Store: SET_WINDOW_FRAME 
{
  "id": 1,
  "frame": {
    "isFocused": true
  },
  "fromEvent": true
}
[03/06/20, 15:57:15:546] info: Store: SET_WINDOW_FRAME 
{
  "id": 1,
  "frame": {
    "isFullScreen": false
  },
  "fromEvent": true
}
[03/06/20, 15:57:15:874] info: Store: REDUX_UPDATE_FROM_WEBAPP (T00000000) Changed keys [theme,notificationPrefs,featureFlags,bootConfig,unreads,locale]
[03/06/20, 15:57:15:889] info: WebContents LifeCycle: webContents:1 from 'page-will-navigate' to 'loaded' took 1013 ms 
[03/06/20, 15:57:15:889] info: Store: UPSERT_WEB_CONTENTS 
{
  "id": 1,
  "state": "loaded",
  "appId": "app"
}
[03/06/20, 15:57:15:901] info: Store: REDUX_UPDATE_FROM_WEBAPP (T00000000) Changed keys [version]
[03/06/20, 15:57:16:039] info: Store: SET_WINDOW_FRAME 
{
  "id": 1,
  "frame": {
    "isFocused": false
  },
  "fromEvent": true
}
[03/06/20, 15:57:16:040] info: Store: SET_WINDOW_FRAME 
{
  "id": 1,
  "frame": {
    "isFullScreen": false
  },
  "fromEvent": true
}
[03/06/20, 15:57:16:049] info: Team boot count 
{
  "count": 5
}
[03/06/20, 15:57:16:049] info: attempting to restart service worker 
[03/06/20, 15:57:16:050] info: sending debug protocol message 
{
  "message": "ServiceWorker.enable"
}
[03/06/20, 15:57:16:050] info: sending debug protocol message 
{
  "message": "ServiceWorker.stopAllWorkers"
}
[03/06/20, 15:57:16:051] info: sending debug protocol message 
{
  "message": "ServiceWorker.disable"
}
[03/06/20, 15:57:16:052] info: successfully restarted service worker 
[03/06/20, 15:57:16:060] info: Store: SET_NETWORK_STATUS offline
[03/06/20, 15:57:16:072] info: Store: SET_WINDOW_FRAME 
{
  "id": 1,
  "frame": {
    "title": "[REDACTED]"
  },
  "fromEvent": true
}
[03/06/20, 15:57:16:644] info: Store: UPDATE_SETTINGS 
{
  "userTheme": "light"
}
[03/06/20, 15:57:16:652] info: Store: UPDATE_SETTINGS 
{
  "systemThemeSyncEnabled": false
}
[03/06/20, 15:57:16:696] info: Store: SET_WINDOW_FRAME 
{
  "id": 1,
  "frame": {
    "isFullScreen": false
  },
  "fromEvent": true
}
[03/06/20, 15:57:16:697] info: Store: SET_WINDOW_FRAME 
{
  "id": 1,
  "frame": {
    "isFocused": true
  },
  "fromEvent": true
}
[03/06/20, 15:57:17:061] info: Store: REDUX_UPDATE_FROM_WEBAPP (T00000000) Changed keys [theme,notificationPrefs,featureFlags,bootConfig,unreads,locale]
[03/06/20, 15:57:17:081] info: WebContents LifeCycle: webContents:1 from 'loaded' to 'loaded' took 1192 ms 
[03/06/20, 15:57:17:082] info: Store: UPSERT_WEB_CONTENTS 
{
  "id": 1,
  "state": "loaded",
  "appId": "app"
}
[03/06/20, 15:57:17:087] info: Store: REDUX_UPDATE_FROM_WEBAPP (T00000000) Changed keys [version]
[03/06/20, 15:57:17:502] info: Store: SET_NETWORK_STATUS online
[03/06/20, 15:57:19:736] info: Store: SET_WINDOW_FRAME 
{
  "id": 1,
  "frame": {
    "isFullScreen": false
  },
  "fromEvent": true
}
[03/06/20, 15:57:19:737] info: Store: SET_WINDOW_FRAME 
{
  "id": 1,
  "frame": {
    "isFocused": false
  },
  "fromEvent": true
}
[03/06/20, 15:57:39:441] info: Store: SET_WINDOW_FRAME 
{
  "id": 1,
  "frame": {
    "isFullScreen": false
  },
  "fromEvent": true
}
[03/06/20, 15:57:39:444] info: Store: SET_WINDOW_FRAME 
{
  "id": 1,
  "frame": {
    "isFocused": true
  },
  "fromEvent": true
}
[03/06/20, 15:57:43:893] info: Store: SET_WINDOW_FRAME 
{
  "id": 1,
  "frame": {
    "isFullScreen": false
  },
  "fromEvent": true
}
[03/06/20, 15:57:43:896] info: Store: SET_WINDOW_FRAME 
{
  "id": 1,
  "frame": {
    "isFocused": false
  },
  "fromEvent": true
}
[03/06/20, 15:57:56:047] info: Store: SET_WINDOW_FRAME 
{
  "id": 1,
  "frame": {
    "isFullScreen": false
  },
  "fromEvent": true
}
[03/06/20, 15:57:56:048] info: Store: SET_WINDOW_FRAME 
{
  "id": 1,
  "frame": {
    "isFocused": true
  },
  "fromEvent": true
}
[03/06/20, 15:57:56:937] info: Store: SET_WINDOW_FRAME 
{
  "id": 1,
  "frame": {
    "isFocused": false
  },
  "fromEvent": true
}
[03/06/20, 15:57:56:942] info: Store: SET_WINDOW_FRAME 
{
  "id": 1,
  "frame": {
    "isFullScreen": false
  },
  "fromEvent": true
}
[03/06/20, 15:58:05:015] info: Store: SET_WINDOW_FRAME 
{
  "id": 1,
  "frame": {
    "isFullScreen": false
  },
  "fromEvent": true
}
[03/06/20, 15:58:05:016] info: Store: SET_WINDOW_FRAME 
{
  "id": 1,
  "frame": {
    "isFocused": true
  },
  "fromEvent": true
}
[03/06/20, 15:58:05:921] info: Store: SET_WINDOW_FRAME 
{
  "id": 1,
  "frame": {
    "isFocused": false
  },
  "fromEvent": true
}
[03/06/20, 15:58:05:924] info: Store: SET_WINDOW_FRAME 
{
  "id": 1,
  "frame": {
    "isFullScreen": false
  },
  "fromEvent": true
}
[03/06/20, 15:58:06:617] info: Store: SET_WINDOW_FRAME 
{
  "id": 1,
  "frame": {
    "isFullScreen": false
  },
  "fromEvent": true
}
[03/06/20, 15:58:06:619] info: Store: SET_WINDOW_FRAME 
{
  "id": 1,
  "frame": {
    "isFocused": true
  },
  "fromEvent": true
}
[03/06/20, 15:58:07:439] info: Store: SET_WINDOW_FRAME 
{
  "id": 1,
  "frame": {
    "isFocused": false
  },
  "fromEvent": true
}
[03/06/20, 15:58:07:441] info: Store: SET_WINDOW_FRAME 
{
  "id": 1,
  "frame": {
    "isFullScreen": false
  },
  "fromEvent": true
}
[03/06/20, 15:58:26:345] info: Store: SET_WINDOW_FRAME 
{
  "id": 1,
  "frame": {
    "isFullScreen": false
  },
  "fromEvent": true
}
[03/06/20, 15:58:26:348] info: Store: SET_WINDOW_FRAME 
{
  "id": 1,
  "frame": {
    "isFocused": true
  },
  "fromEvent": true
}
[03/06/20, 15:58:26:364] info: WebContentsMediator: Attaching to new webContents 
[03/06/20, 15:58:26:366] info: MagicLogin: Making magic login API request to https://app.slack.com/api/ 
[03/06/20, 15:58:26:796] info: Store: SET_WINDOW_FRAME 
{
  "id": 1,
  "frame": {
    "isFullScreen": false
  },
  "fromEvent": true
}
[03/06/20, 15:58:26:800] info: Store: SET_WINDOW_FRAME 
{
  "id": 1,
  "frame": {
    "isFocused": false
  },
  "fromEvent": true
}
[03/06/20, 15:58:27:040] info: WebContents LifeCycle: webContents:1 from 'loaded' to 'page-will-navigate' took 69958 ms 
[03/06/20, 15:58:27:040] info: Store: UPSERT_WEB_CONTENTS 
{
  "id": 1,
  "history": "[REDACTED]",
  "state": "page-will-navigate",
  "appId": "app"
}
[03/06/20, 15:58:27:102] info: MagicLogin: Added team T3ZBW1Z0D 
[03/06/20, 15:58:27:754] info: Store: SET_WINDOW_FRAME 
{
  "id": 1,
  "frame": {
    "isFullScreen": false
  },
  "fromEvent": true
}
[03/06/20, 15:58:27:758] info: Store: SET_WINDOW_FRAME 
{
  "id": 1,
  "frame": {
    "isFocused": true
  },
  "fromEvent": true
}
[03/06/20, 15:58:28:396] info: Team boot count 
{
  "count": 6
}
[03/06/20, 15:58:28:396] info: attempting to restart service worker 
[03/06/20, 15:58:28:397] info: sending debug protocol message 
{
  "message": "ServiceWorker.enable"
}
[03/06/20, 15:58:28:397] info: sending debug protocol message 
{
  "message": "ServiceWorker.stopAllWorkers"
}
[03/06/20, 15:58:28:399] info: sending debug protocol message 
{
  "message": "ServiceWorker.disable"
}
[03/06/20, 15:58:28:399] info: successfully restarted service worker 
[03/06/20, 15:58:28:410] info: Store: SET_WINDOW_FRAME 
{
  "id": 1,
  "frame": {
    "title": "[REDACTED]"
  },
  "fromEvent": true
}
[03/06/20, 15:58:28:418] info: WebContents LifeCycle: webContents:1 from 'page-will-navigate' to 'loaded' took 1379 ms 
[03/06/20, 15:58:28:418] info: Store: UPSERT_WEB_CONTENTS 
{
  "id": 1,
  "state": "loaded",
  "appId": "app"
}
[03/06/20, 15:58:28:487] info: Store: SET_WINDOW_FRAME 
{
  "id": 1,
  "frame": {
    "isFocused": false
  },
  "fromEvent": true
}
[03/06/20, 15:58:28:488] info: Store: SET_WINDOW_FRAME 
{
  "id": 1,
  "frame": {
    "isFullScreen": false
  },
  "fromEvent": true
}
[03/06/20, 15:58:29:268] info: Store: SET_NETWORK_STATUS online
[03/06/20, 15:58:29:333] info: Store: UPDATE_SETTINGS 
{
  "userTheme": "light"
}
[03/06/20, 15:58:29:334] info: Store: UPDATE_SETTINGS 
{
  "systemThemeSyncEnabled": false
}
[03/06/20, 15:58:29:933] info: Store: SYNC (Empty)
[03/06/20, 15:58:29:941] info: Store: SELECTION_CHANGED T3ZBW1Z0D
[03/06/20, 15:58:29:991] info: Store: REDUX_UPDATE_FROM_WEBAPP (T3ZBW1Z0D) Changed keys [theme,notificationPrefs,featureFlags,bootConfig,unreads,locale]
[03/06/20, 15:58:29:993] info: Store: REDUX_UPDATE_FROM_WEBAPP (T3ZBW1Z0D) Changed keys [version]
[03/06/20, 15:58:30:002] info: Store: REDUX_UPDATE_FROM_WEBAPP (T3ZBW1Z0D) Changed keys [theme,notificationPrefs,unreads]
[03/06/20, 15:58:30:041] info: Store: SYNC Synced 1 workspaces with IDs [T3ZBW1Z0D]
[03/06/20, 15:58:30:048] info: Store: SELECTION_CHANGED T3ZBW1Z0D
[03/06/20, 15:58:30:049] info: WebContents LifeCycle: webContents:1 from 'loaded' to 'webapp-loaded' took 1631 ms 
[03/06/20, 15:58:30:049] info: Store: UPSERT_WEB_CONTENTS 
{
  "id": 1,
  "state": "webapp-loaded",
  "appId": "app"
}
[03/06/20, 15:58:30:165] info: Store: SET_WINDOW_FRAME 
{
  "id": 1,
  "frame": {
    "title": "[REDACTED]"
  },
  "fromEvent": true
}
[03/06/20, 15:58:30:461] info: Store: STORE_ENTERPRISE_ID_PAIR 
{
  "enterpriseId": null
}
[03/06/20, 15:58:39:004] info: Store: SET_WINDOW_FRAME 
{
  "id": 1,
  "frame": {
    "isFocused": true
  },
  "fromEvent": true
}
[03/06/20, 15:58:39:005] info: Store: SET_WINDOW_FRAME 
{
  "id": 1,
  "frame": {
    "isFullScreen": false
  },
  "fromEvent": true
}
[03/06/20, 15:58:39:007] info: Store: SET_WINDOW_FRAME 
{
  "id": 1,
  "frame": {
    "isFocused": false
  },
  "fromEvent": true
}
[03/06/20, 15:58:39:008] info: Store: SET_WINDOW_FRAME 
{
  "id": 1,
  "frame": {
    "isFocused": true
  },
  "fromEvent": true
}
[03/06/20, 15:58:39:008] info: Store: SET_WINDOW_FRAME 
{
  "id": 1,
  "frame": {
    "isFocused": false
  },
  "fromEvent": true
}
[03/06/20, 15:58:39:009] info: Store: SET_WINDOW_FRAME 
{
  "id": 1,
  "frame": {
    "isFocused": true
  },
  "fromEvent": true
}
[03/06/20, 15:58:40:006] info: Store: SET_WINDOW_FRAME 
{
  "id": 1,
  "frame": {
    "bounds": {
      "x": 960,
      "y": 28,
      "width": 960,
      "height": 1031
    },
    "isMaximized": false
  },
  "fromEvent": true
}
[03/06/20, 15:58:40:009] info: Store: SET_WINDOW_FRAME 
{
  "id": 1,
  "frame": {
    "bounds": {
      "x": 960,
      "y": 28,
      "width": 960,
      "height": 1031
    },
    "isMaximized": false
  },
  "fromEvent": true
}
[03/06/20, 15:58:40:073] info: Store: UPDATE_SETTINGS 
{
  "mainWindowSettings": {
    "fullScreen": false,
    "maximized": false,
    "bounds": {
      "x": 960,
      "y": 28,
      "width": 960,
      "height": 1031
    }
  }
}
[03/06/20, 15:58:50:145] info: Store: SET_WINDOW_FRAME 
{
  "id": 1,
  "frame": {
    "isFullScreen": false
  },
  "fromEvent": true
}
[03/06/20, 15:58:50:146] info: Store: SET_WINDOW_FRAME 
{
  "id": 1,
  "frame": {
    "isFocused": false
  },
  "fromEvent": true
}
[03/06/20, 15:58:51:148] info: Store: SET_WINDOW_FRAME 
{
  "id": 1,
  "frame": {
    "bounds": {
      "x": 640,
      "y": 28,
      "width": 640,
      "height": 1031
    },
    "isMaximized": false
  },
  "fromEvent": true
}
[03/06/20, 15:58:51:149] info: Store: SET_WINDOW_FRAME 
{
  "id": 1,
  "frame": {
    "bounds": {
      "x": 640,
      "y": 28,
      "width": 640,
      "height": 1031
    },
    "isMaximized": false
  },
  "fromEvent": true
}
[03/06/20, 15:58:51:211] info: Store: UPDATE_SETTINGS 
{
  "mainWindowSettings": {
    "fullScreen": false,
    "maximized": false,
    "bounds": {
      "x": 640,
      "y": 28,
      "width": 640,
      "height": 1031
    }
  }
}
[03/06/20, 15:58:55:457] info: Store: SET_WINDOW_FRAME 
{
  "id": 1,
  "frame": {
    "isFullScreen": false
  },
  "fromEvent": true
}
[03/06/20, 15:58:55:460] info: Store: SET_WINDOW_FRAME 
{
  "id": 1,
  "frame": {
    "isFocused": true
  },
  "fromEvent": true
}
[03/06/20, 15:58:55:599] info: Store: SET_WINDOW_FRAME 
{
  "id": 1,
  "frame": {
    "isFullScreen": false
  },
  "fromEvent": true
}
[03/06/20, 15:58:55:600] info: Store: SET_WINDOW_FRAME 
{
  "id": 1,
  "frame": {
    "isFocused": false
  },
  "fromEvent": true
}
[03/06/20, 16:01:34:865] error: Telemetry: Failed to send telemetry request 
{}
[03/06/20, 16:01:34:865] error: Telemetry: Failed to send telemetry request 
{}
[03/06/20, 16:02:51:423] info: Store: SET_SYSTEM_IDLE idle_taskbar
[03/06/20, 16:05:21:539] info: Store: SET_SYSTEM_IDLE active
[03/06/20, 16:06:05:210] info: Store: SET_WINDOW_FRAME 
{
  "id": 1,
  "frame": {
    "isFullScreen": false
  },
  "fromEvent": true
}
[03/06/20, 16:06:05:212] info: Store: SET_WINDOW_FRAME 
{
  "id": 1,
  "frame": {
    "isFocused": true
  },
  "fromEvent": true
}
[03/06/20, 16:06:05:753] info: Store: SET_WINDOW_FRAME 
{
  "id": 1,
  "frame": {
    "isFullScreen": false
  },
  "fromEvent": true
}
[03/06/20, 16:06:05:757] info: Store: SET_WINDOW_FRAME 
{
  "id": 1,
  "frame": {
    "isFocused": false
  },
  "fromEvent": true
}
[03/06/20, 16:06:31:596] info: Store: SET_SYSTEM_IDLE idle_taskbar
[03/06/20, 16:09:11:719] info: Store: SET_SYSTEM_IDLE active
[03/06/20, 16:09:31:736] info: Store: SET_SYSTEM_IDLE idle_taskbar
[03/06/20, 16:10:11:770] info: Store: SET_SYSTEM_IDLE active
[03/06/20, 16:10:16:639] info: Store: SET_WINDOW_FRAME 
{
  "id": 1,
  "frame": {
    "isFullScreen": false
  },
  "fromEvent": true
}
[03/06/20, 16:10:16:640] info: Store: SET_WINDOW_FRAME 
{
  "id": 1,
  "frame": {
    "isFocused": true
  },
  "fromEvent": true
}
[03/06/20, 16:10:16:839] info: Store: SET_WINDOW_FRAME 
{
  "id": 1,
  "frame": {
    "isFullScreen": false
  },
  "fromEvent": true
}
[03/06/20, 16:10:16:840] info: Store: SET_WINDOW_FRAME 
{
  "id": 1,
  "frame": {
    "isFocused": false
  },
  "fromEvent": true
}
[03/06/20, 16:10:17:193] info: Store: SET_WINDOW_FRAME 
{
  "id": 1,
  "frame": {
    "isFullScreen": false
  },
  "fromEvent": true
}
[03/06/20, 16:10:17:196] info: Store: SET_WINDOW_FRAME 
{
  "id": 1,
  "frame": {
    "isFocused": true
  },
  "fromEvent": true
}
[03/06/20, 16:10:17:264] info: Store: SET_WINDOW_FRAME 
{
  "id": 1,
  "frame": {
    "isFullScreen": false
  },
  "fromEvent": true
}
[03/06/20, 16:10:17:264] info: Store: SET_WINDOW_FRAME 
{
  "id": 1,
  "frame": {
    "isFocused": false
  },
  "fromEvent": true
}
[03/06/20, 16:10:18:576] info: Store: SET_WINDOW_FRAME 
{
  "id": 1,
  "frame": {
    "isFocused": true
  },
  "fromEvent": true
}
[03/06/20, 16:10:18:577] info: Store: SET_WINDOW_FRAME 
{
  "id": 1,
  "frame": {
    "isFullScreen": false
  },
  "fromEvent": true
}
[03/06/20, 16:10:18:579] info: Store: SET_WINDOW_FRAME 
{
  "id": 1,
  "frame": {
    "isFocused": false
  },
  "fromEvent": true
}
[03/06/20, 16:10:18:580] info: Store: SET_WINDOW_FRAME 
{
  "id": 1,
  "frame": {
    "isFocused": true
  },
  "fromEvent": true
}
[03/06/20, 16:10:18:582] info: Store: SET_WINDOW_FRAME 
{
  "id": 1,
  "frame": {
    "isFocused": false
  },
  "fromEvent": true
}
[03/06/20, 16:10:18:583] info: Store: SET_WINDOW_FRAME 
{
  "id": 1,
  "frame": {
    "isFocused": true
  },
  "fromEvent": true
}
[03/06/20, 16:10:19:009] info: Store: SET_WINDOW_FRAME 
{
  "id": 1,
  "frame": {
    "isFocused": false
  },
  "fromEvent": true
}
[03/06/20, 16:10:19:013] info: Store: SET_WINDOW_FRAME 
{
  "id": 1,
  "frame": {
    "isFullScreen": false
  },
  "fromEvent": true
}
[03/06/20, 16:10:19:577] info: Store: SET_WINDOW_FRAME 
{
  "id": 1,
  "frame": {
    "bounds": {
      "x": 960,
      "y": 28,
      "width": 960,
      "height": 1031
    },
    "isMaximized": false
  },
  "fromEvent": true
}
[03/06/20, 16:10:19:580] info: Store: SET_WINDOW_FRAME 
{
  "id": 1,
  "frame": {
    "bounds": {
      "x": 960,
      "y": 28,
      "width": 960,
      "height": 1031
    },
    "isMaximized": false
  },
  "fromEvent": true
}
[03/06/20, 16:10:19:645] info: Store: UPDATE_SETTINGS 
{
  "mainWindowSettings": {
    "fullScreen": false,
    "maximized": false,
    "bounds": {
      "x": 960,
      "y": 28,
      "width": 960,
      "height": 1031
    }
  }
}
[03/06/20, 16:10:23:155] info: Store: SET_WINDOW_FRAME 
{
  "id": 1,
  "frame": {
    "isFullScreen": false
  },
  "fromEvent": true
}
[03/06/20, 16:10:23:157] info: Store: SET_WINDOW_FRAME 
{
  "id": 1,
  "frame": {
    "isFocused": true
  },
  "fromEvent": true
}
[03/06/20, 16:10:23:171] info: Store: SET_WINDOW_FRAME 
{
  "id": 1,
  "frame": {
    "isFullScreen": false
  },
  "fromEvent": true
}
[03/06/20, 16:10:23:174] info: Store: SET_WINDOW_FRAME 
{
  "id": 1,
  "frame": {
    "isFocused": false
  },
  "fromEvent": true
}
[03/06/20, 16:19:02:189] info: Store: SET_SYSTEM_IDLE idle_taskbar
[03/06/20, 16:20:12:249] info: Store: SET_SYSTEM_IDLE active
[03/06/20, 16:20:28:727] info: Store: SET_NETWORK_STATUS offline
[03/06/20, 16:21:12:276] info: Store: SET_SYSTEM_IDLE idle_taskbar
[03/06/20, 16:21:52:313] info: Store: SET_SYSTEM_IDLE active
[03/06/20, 16:22:22:336] info: Store: SET_SYSTEM_IDLE idle_taskbar
[03/06/20, 16:24:52:465] info: Store: SET_SYSTEM_IDLE active
[03/06/20, 16:25:52:516] info: Store: SET_SYSTEM_IDLE idle_taskbar
[03/06/20, 16:26:52:578] info: Store: SET_SYSTEM_IDLE active
[03/06/20, 16:27:22:609] info: Store: SET_SYSTEM_IDLE idle_taskbar
[03/06/20, 16:37:03:201] info: Store: SET_SYSTEM_IDLE idle_presence
[03/06/20, 16:46:43:654] info: Store: SET_SYSTEM_IDLE active
[03/06/20, 16:47:13:681] info: Store: SET_SYSTEM_IDLE idle_taskbar
[03/06/20, 16:56:44:280] info: Store: SET_SYSTEM_IDLE idle_presence
[03/06/20, 18:21:46:425] info: Store: SET_NETWORK_STATUS online
[03/06/20, 21:04:07:300] info: Store: SET_SYSTEM_IDLE active
[03/06/20, 21:04:27:327] info: Store: SET_SYSTEM_IDLE idle_taskbar
[03/06/20, 21:04:37:334] info: Store: SET_SYSTEM_IDLE active
[03/06/20, 21:05:07:374] info: Store: SET_SYSTEM_IDLE idle_taskbar
[03/06/20, 21:06:37:475] info: Store: SET_SYSTEM_IDLE active
[03/06/20, 21:06:57:501] info: Store: SET_SYSTEM_IDLE idle_taskbar
[03/06/20, 21:14:27:998] info: Store: SET_SYSTEM_IDLE active
[03/06/20, 21:14:29:453] info: Store: SET_SUSPEND_STATUS 
[03/07/20, 14:07:34:627] info: Store: SET_SUSPEND_STATUS true
[03/07/20, 14:07:34:628] info: Store: POWER_RESUMED 
[03/07/20, 14:07:35:119] info: Store: SET_NETWORK_STATUS offline
[03/07/20, 14:07:46:951] info: Store: SET_SYSTEM_IDLE idle_taskbar
[03/07/20, 14:07:50:219] info: Store: DISPLAY_REMOVED 
[03/07/20, 14:07:50:221] info: Store: DISPLAY_ADDED 
[03/07/20, 14:07:53:883] info: Store: SET_WINDOW_FRAME 
{
  "id": 1,
  "frame": {
    "isFullScreen": false
  },
  "fromEvent": true
}
[03/07/20, 14:07:53:883] info: Store: SET_WINDOW_FRAME 
{
  "id": 1,
  "frame": {
    "isFocused": true
  },
  "fromEvent": true
}
[03/07/20, 14:07:55:073] info: Store: SET_WINDOW_FRAME 
{
  "id": 1,
  "frame": {
    "isFocused": false
  },
  "fromEvent": true
}
[03/07/20, 14:07:55:081] info: Store: SET_WINDOW_FRAME 
{
  "id": 1,
  "frame": {
    "isFullScreen": false
  },
  "fromEvent": true
}
[03/07/20, 14:07:56:957] info: Store: SET_SYSTEM_IDLE active
